<?xml version="1.0" encoding="UTF-8"?>
<coverage generated="1761478552695" clover="3.2.0">
  <project timestamp="1761478552695" name="All files">
    <metrics statements="25" coveredstatements="15" conditionals="29" coveredconditionals="17" methods="2" coveredmethods="2" elements="56" coveredelements="34" complexity="0" loc="25" ncloc="25" packages="1" files="1" classes="1"/>
    <file name="bot.js" path="/Users/darcyknox/Projects/chatbot/src/bot.js">
      <metrics statements="25" coveredstatements="15" conditionals="29" coveredconditionals="17" methods="2" coveredmethods="2"/>
      <line num="3" count="1" type="stmt"/>
      <line num="4" count="1" type="stmt"/>
      <line num="5" count="1" type="stmt"/>
      <line num="7" count="1" type="cond" truecount="2" falsecount="0"/>
      <line num="8" count="1" type="cond" truecount="2" falsecount="0"/>
      <line num="9" count="1" type="cond" truecount="2" falsecount="0"/>
      <line num="13" count="3" type="cond" truecount="2" falsecount="3"/>
      <line num="14" count="0" type="stmt"/>
      <line num="15" count="0" type="stmt"/>
      <line num="16" count="0" type="stmt"/>
      <line num="17" count="0" type="stmt"/>
      <line num="20" count="0" type="stmt"/>
      <line num="22" count="0" type="cond" truecount="0" falsecount="2"/>
      <line num="23" count="0" type="stmt"/>
      <line num="29" count="3" type="stmt"/>
      <line num="30" count="3" type="cond" truecount="2" falsecount="2"/>
      <line num="31" count="0" type="cond" truecount="0" falsecount="2"/>
      <line num="32" count="0" type="cond" truecount="0" falsecount="2"/>
      <line num="33" count="0" type="stmt"/>
      <line num="37" count="3" type="stmt"/>
      <line num="38" count="3" type="cond" truecount="4" falsecount="0"/>
      <line num="39" count="2" type="cond" truecount="1" falsecount="1"/>
      <line num="40" count="2" type="cond" truecount="2" falsecount="0"/>
      <line num="42" count="1" type="stmt"/>
      <line num="45" count="1" type="stmt"/>
    </file>
  </project>
</coverage>
