<?xml version="1.0" encoding="UTF-8"?>
<coverage generated="1761539664481" clover="3.2.0">
  <project timestamp="1761539664481" name="All files">
    <metrics statements="25" coveredstatements="25" conditionals="29" coveredconditionals="25" methods="2" coveredmethods="2" elements="56" coveredelements="52" complexity="0" loc="25" ncloc="25" packages="1" files="1" classes="1"/>
    <file name="bot.js" path="/Users/darcyknox/Projects/chatbot/src/bot.js">
      <metrics statements="25" coveredstatements="25" conditionals="29" coveredconditionals="25" methods="2" coveredmethods="2"/>
      <line num="3" count="3" type="stmt"/>
      <line num="4" count="3" type="stmt"/>
      <line num="5" count="3" type="stmt"/>
      <line num="7" count="3" type="cond" truecount="2" falsecount="0"/>
      <line num="8" count="3" type="cond" truecount="2" falsecount="0"/>
      <line num="9" count="3" type="cond" truecount="2" falsecount="0"/>
      <line num="13" count="5" type="cond" truecount="5" falsecount="0"/>
      <line num="14" count="2" type="stmt"/>
      <line num="15" count="2" type="stmt"/>
      <line num="16" count="2" type="stmt"/>
      <line num="17" count="2" type="stmt"/>
      <line num="20" count="1" type="stmt"/>
      <line num="22" count="1" type="cond" truecount="1" falsecount="1"/>
      <line num="23" count="1" type="stmt"/>
      <line num="29" count="5" type="stmt"/>
      <line num="30" count="5" type="cond" truecount="4" falsecount="0"/>
      <line num="31" count="1" type="cond" truecount="1" falsecount="1"/>
      <line num="32" count="1" type="cond" truecount="1" falsecount="1"/>
      <line num="33" count="1" type="stmt"/>
      <line num="37" count="4" type="stmt"/>
      <line num="38" count="4" type="cond" truecount="4" falsecount="0"/>
      <line num="39" count="3" type="cond" truecount="1" falsecount="1"/>
      <line num="40" count="3" type="cond" truecount="2" falsecount="0"/>
      <line num="42" count="2" type="stmt"/>
      <line num="45" count="3" type="stmt"/>
    </file>
  </project>
</coverage>
