{"/Users/darcyknox/Projects/chatbot/src/bot.js": {"path":"/Users/darcyknox/Projects/chatbot/src/bot.js","statementMap":{"0":{"start":{"line":3,"column":14},"end":{"line":3,"column":30}},"1":{"start":{"line":4,"column":15},"end":{"line":4,"column":32}},"2":{"start":{"line":5,"column":0},"end":{"line":5,"column":16}},"3":{"start":{"line":7,"column":20},"end":{"line":7,"column":49}},"4":{"start":{"line":8,"column":21},"end":{"line":8,"column":51}},"5":{"start":{"line":9,"column":22},"end":{"line":9,"column":53}},"6":{"start":{"line":13,"column":2},"end":{"line":13,"column":67}},"7":{"start":{"line":13,"column":55},"end":{"line":13,"column":67}},"8":{"start":{"line":14,"column":2},"end":{"line":24,"column":3}},"9":{"start":{"line":15,"column":14},"end":{"line":15,"column":38}},"10":{"start":{"line":16,"column":16},"end":{"line":16,"column":155}},"11":{"start":{"line":17,"column":16},"end":{"line":19,"column":6}},"12":{"start":{"line":20,"column":4},"end":{"line":20,"column":20}},"13":{"start":{"line":22,"column":4},"end":{"line":22,"column":52}},"14":{"start":{"line":23,"column":4},"end":{"line":23,"column":16}},"15":{"start":{"line":29,"column":15},"end":{"line":29,"column":36}},"16":{"start":{"line":30,"column":2},"end":{"line":34,"column":3}},"17":{"start":{"line":31,"column":22},"end":{"line":31,"column":57}},"18":{"start":{"line":32,"column":18},"end":{"line":32,"column":79}},"19":{"start":{"line":33,"column":4},"end":{"line":33,"column":100}},"20":{"start":{"line":37,"column":12},"end":{"line":37,"column":37}},"21":{"start":{"line":38,"column":2},"end":{"line":38,"column":73}},"22":{"start":{"line":38,"column":35},"end":{"line":38,"column":73}},"23":{"start":{"line":39,"column":2},"end":{"line":39,"column":95}},"24":{"start":{"line":39,"column":26},"end":{"line":39,"column":95}},"25":{"start":{"line":40,"column":2},"end":{"line":40,"column":82}},"26":{"start":{"line":40,"column":26},"end":{"line":40,"column":82}},"27":{"start":{"line":42,"column":2},"end":{"line":42,"column":25}},"28":{"start":{"line":45,"column":0},"end":{"line":45,"column":35}}},"fnMap":{"0":{"name":"queryLuis","decl":{"start":{"line":11,"column":15},"end":{"line":11,"column":24}},"loc":{"start":{"line":11,"column":31},"end":{"line":25,"column":1}},"line":11},"1":{"name":"handleMessage","decl":{"start":{"line":27,"column":15},"end":{"line":27,"column":28}},"loc":{"start":{"line":27,"column":35},"end":{"line":43,"column":1}},"line":27}},"branchMap":{"0":{"loc":{"start":{"line":7,"column":20},"end":{"line":7,"column":49}},"type":"binary-expr","locations":[{"start":{"line":7,"column":20},"end":{"line":7,"column":43}},{"start":{"line":7,"column":47},"end":{"line":7,"column":49}}],"line":7},"1":{"loc":{"start":{"line":8,"column":21},"end":{"line":8,"column":51}},"type":"binary-expr","locations":[{"start":{"line":8,"column":21},"end":{"line":8,"column":45}},{"start":{"line":8,"column":49},"end":{"line":8,"column":51}}],"line":8},"2":{"loc":{"start":{"line":9,"column":22},"end":{"line":9,"column":53}},"type":"binary-expr","locations":[{"start":{"line":9,"column":22},"end":{"line":9,"column":47}},{"start":{"line":9,"column":51},"end":{"line":9,"column":53}}],"line":9},"3":{"loc":{"start":{"line":13,"column":2},"end":{"line":13,"column":67}},"type":"if","locations":[{"start":{"line":13,"column":2},"end":{"line":13,"column":67}},{"start":{},"end":{}}],"line":13},"4":{"loc":{"start":{"line":13,"column":6},"end":{"line":13,"column":53}},"type":"binary-expr","locations":[{"start":{"line":13,"column":6},"end":{"line":13,"column":18}},{"start":{"line":13,"column":22},"end":{"line":13,"column":35}},{"start":{"line":13,"column":39},"end":{"line":13,"column":53}}],"line":13},"5":{"loc":{"start":{"line":22,"column":32},"end":{"line":22,"column":50}},"type":"binary-expr","locations":[{"start":{"line":22,"column":32},"end":{"line":22,"column":43}},{"start":{"line":22,"column":47},"end":{"line":22,"column":50}}],"line":22},"6":{"loc":{"start":{"line":30,"column":2},"end":{"line":34,"column":3}},"type":"if","locations":[{"start":{"line":30,"column":2},"end":{"line":34,"column":3}},{"start":{},"end":{}}],"line":30},"7":{"loc":{"start":{"line":30,"column":6},"end":{"line":30,"column":29}},"type":"binary-expr","locations":[{"start":{"line":30,"column":6},"end":{"line":30,"column":10}},{"start":{"line":30,"column":14},"end":{"line":30,"column":29}}],"line":30},"8":{"loc":{"start":{"line":31,"column":22},"end":{"line":31,"column":57}},"type":"binary-expr","locations":[{"start":{"line":31,"column":22},"end":{"line":31,"column":47}},{"start":{"line":31,"column":51},"end":{"line":31,"column":57}}],"line":31},"9":{"loc":{"start":{"line":32,"column":19},"end":{"line":32,"column":67}},"type":"binary-expr","locations":[{"start":{"line":32,"column":19},"end":{"line":32,"column":62}},{"start":{"line":32,"column":66},"end":{"line":32,"column":67}}],"line":32},"10":{"loc":{"start":{"line":38,"column":2},"end":{"line":38,"column":73}},"type":"if","locations":[{"start":{"line":38,"column":2},"end":{"line":38,"column":73}},{"start":{},"end":{}}],"line":38},"11":{"loc":{"start":{"line":38,"column":6},"end":{"line":38,"column":33}},"type":"binary-expr","locations":[{"start":{"line":38,"column":6},"end":{"line":38,"column":16}},{"start":{"line":38,"column":20},"end":{"line":38,"column":33}}],"line":38},"12":{"loc":{"start":{"line":39,"column":2},"end":{"line":39,"column":95}},"type":"if","locations":[{"start":{"line":39,"column":2},"end":{"line":39,"column":95}},{"start":{},"end":{}}],"line":39},"13":{"loc":{"start":{"line":40,"column":2},"end":{"line":40,"column":82}},"type":"if","locations":[{"start":{"line":40,"column":2},"end":{"line":40,"column":82}},{"start":{},"end":{}}],"line":40}},"s":{"0":1,"1":1,"2":1,"3":1,"4":1,"5":1,"6":3,"7":3,"8":0,"9":0,"10":0,"11":0,"12":0,"13":0,"14":0,"15":3,"16":3,"17":0,"18":0,"19":0,"20":3,"21":3,"22":1,"23":2,"24":0,"25":2,"26":1,"27":1,"28":1},"f":{"0":3,"1":3},"b":{"0":[1,1],"1":[1,1],"2":[1,1],"3":[3,0],"4":[3,0,0],"5":[0,0],"6":[0,3],"7":[3,0],"8":[0,0],"9":[0,0],"10":[1,2],"11":[3,3],"12":[0,2],"13":[1,1]},"_coverageSchema":"1a1c01bbd47fc00a2c39e90264f33305004495a9","hash":"bdfb6ce23cc2b93a075416b135297d9b5ea77a95"}
}
