TN:
SF:src/bot.js
FN:11,queryLuis
FN:27,handleMessage
FNF:2
FNH:2
FNDA:3,queryLuis
FNDA:3,handleMessage
DA:3,1
DA:4,1
DA:5,1
DA:7,1
DA:8,1
DA:9,1
DA:13,3
DA:14,0
DA:15,0
DA:16,0
DA:17,0
DA:20,0
DA:22,0
DA:23,0
DA:29,3
DA:30,3
DA:31,0
DA:32,0
DA:33,0
DA:37,3
DA:38,3
DA:39,2
DA:40,2
DA:42,1
DA:45,1
LF:25
LH:15
BRDA:7,0,0,1
BRDA:7,0,1,1
BRDA:8,1,0,1
BRDA:8,1,1,1
BRDA:9,2,0,1
BRDA:9,2,1,1
BRDA:13,3,0,3
BRDA:13,3,1,0
BRDA:13,4,0,3
BRDA:13,4,1,0
BRDA:13,4,2,0
BRDA:22,5,0,0
BRDA:22,5,1,0
BRDA:30,6,0,0
BRDA:30,6,1,3
BRDA:30,7,0,3
BRDA:30,7,1,0
BRDA:31,8,0,0
BRDA:31,8,1,0
BRDA:32,9,0,0
BRDA:32,9,1,0
BRDA:38,10,0,1
BRDA:38,10,1,2
BRDA:38,11,0,3
BRDA:38,11,1,3
BRDA:39,12,0,0
BRDA:39,12,1,2
BRDA:40,13,0,1
BRDA:40,13,1,1
BRF:29
BRH:17
end_of_record
