TN:
SF:src/bot.js
FN:11,queryLuis
FN:27,handleMessage
FNF:2
FNH:2
FNDA:5,queryLuis
FNDA:5,handleMessage
DA:3,3
DA:4,3
DA:5,3
DA:7,3
DA:8,3
DA:9,3
DA:13,5
DA:14,2
DA:15,2
DA:16,2
DA:17,2
DA:20,1
DA:22,1
DA:23,1
DA:29,5
DA:30,5
DA:31,1
DA:32,1
DA:33,1
DA:37,4
DA:38,4
DA:39,3
DA:40,3
DA:42,2
DA:45,3
LF:25
LH:25
BRDA:7,0,0,3
BRDA:7,0,1,1
BRDA:8,1,0,3
BRDA:8,1,1,1
BRDA:9,2,0,3
BRDA:9,2,1,1
BRDA:13,3,0,3
BRDA:13,3,1,2
BRDA:13,4,0,5
BRDA:13,4,1,2
BRDA:13,4,2,2
BRDA:22,5,0,1
BRDA:22,5,1,0
BRDA:30,6,0,1
BRDA:30,6,1,4
BRDA:30,7,0,5
BRDA:30,7,1,1
BRDA:31,8,0,1
BRDA:31,8,1,0
BRDA:32,9,0,1
BRDA:32,9,1,0
BRDA:38,10,0,1
BRDA:38,10,1,3
BRDA:38,11,0,4
BRDA:38,11,1,4
BRDA:39,12,0,0
BRDA:39,12,1,3
BRDA:40,13,0,1
BRDA:40,13,1,2
BRF:29
BRH:25
end_of_record
